[debug] [2026-05-22T20:49:55.022Z] ----------------------------------------------------------------------
[debug] [2026-05-22T20:49:55.026Z] Command:       D:\node.exe C:\Users\hp\AppData\Roaming\npm\node_modules\firebase-tools\lib\bin\firebase.js init hosting
[debug] [2026-05-22T20:49:55.027Z] CLI Version:   15.18.0
[debug] [2026-05-22T20:49:55.027Z] Platform:      win32
[debug] [2026-05-22T20:49:55.027Z] Node Version:  v24.13.1
[debug] [2026-05-22T20:49:55.027Z] Time:          Fri May 22 2026 23:49:55 GMT+0300 (Eastern European Summer Time)
[debug] [2026-05-22T20:49:55.027Z] ----------------------------------------------------------------------
[debug] 
[info] 
     ######## #### ########  ######## ########     ###     ######  ########
     ##        ##  ##     ## ##       ##     ##  ##   ##  ##       ##
     ######    ##  ########  ######   ########  #########  ######  ######
     ##        ##  ##    ##  ##       ##     ## ##     ##       ## ##
     ##       #### ##     ## ######## ########  ##     ##  ######  ########

You're about to initialize a Firebase project in this directory:

  D:\VS Code projects\my portfolio\portfolio

Before we get started, keep in mind:

  * You are initializing within an existing Firebase project directory

[info] 
=== Project Setup
[info] 
[info] First, let's associate this project directory with a Firebase project.
[info] You can create multiple project aliases by running firebase use --add, 
[info] 
[debug] [2026-05-22T20:49:59.258Z] > command requires scopes: ["email","openid","https://www.googleapis.com/auth/cloudplatformprojects.readonly","https://www.googleapis.com/auth/firebase","https://www.googleapis.com/auth/cloud-platform"]
[debug] [2026-05-22T20:49:59.259Z] > authorizing via signed-in user (mahmoud.oshy12@gmail.com)
[debug] [2026-05-22T20:49:59.260Z] Checked if tokens are valid: true, expires at: 1779486550700
[debug] [2026-05-22T20:49:59.260Z] Checked if tokens are valid: true, expires at: 1779486550700
[debug] [2026-05-22T20:49:59.261Z] >>> [apiv2][query] GET https://firebase.googleapis.com/v1beta1/projects/portfolio-bd790 [none]
[debug] [2026-05-22T20:49:59.693Z] <<< [apiv2][status] GET https://firebase.googleapis.com/v1beta1/projects/portfolio-bd790 200
[debug] [2026-05-22T20:49:59.694Z] <<< [apiv2][body] GET https://firebase.googleapis.com/v1beta1/projects/portfolio-bd790 {"projectId":"portfolio-bd790","projectNumber":"205372608453","displayName":"Portfolio","name":"projects/portfolio-bd790","resources":{"hostingSite":"portfolio-bd790"},"state":"ACTIVE","etag":"1_6d6b608d-df1a-4e12-8271-cf48b12f2e38"}
[info] i  Using project portfolio-bd790 (Portfolio) . 
[info] 
=== Hosting Setup
[debug] [2026-05-22T20:50:17.083Z] Checked if tokens are valid: true, expires at: 1779486550700
[debug] [2026-05-22T20:50:17.083Z] Checked if tokens are valid: true, expires at: 1779486550700
[debug] [2026-05-22T20:50:17.084Z] >>> [apiv2][query] GET https://firebase.googleapis.com/v1beta1/projects/portfolio-bd790 [none]
[debug] [2026-05-22T20:50:17.549Z] <<< [apiv2][status] GET https://firebase.googleapis.com/v1beta1/projects/portfolio-bd790 200
[debug] [2026-05-22T20:50:17.549Z] <<< [apiv2][body] GET https://firebase.googleapis.com/v1beta1/projects/portfolio-bd790 {"projectId":"portfolio-bd790","projectNumber":"205372608453","displayName":"Portfolio","name":"projects/portfolio-bd790","resources":{"hostingSite":"portfolio-bd790"},"state":"ACTIVE","etag":"1_6d6b608d-df1a-4e12-8271-cf48b12f2e38"}
[info] 
[info] Your public directory is the folder (relative to your project directory) that
[info] will contain Hosting assets to be uploaded with firebase deploy. If you
[info] have a build process for your assets, use your build's output directory.
[info] 
[info] 
[info] i  Detected a .git folder at D:\VS Code projects\my portfolio\portfolio 
[info] i  Authorizing with GitHub to upload your service account to a GitHub repository's secrets store. 
[info] 
[info] Visit this URL on this device to log in:
[info] https://github.com/login/oauth/authorize?client_id=89cf50f02ac6aaed3484&state=201540028&redirect_uri=http%3A%2F%2Flocalhost%3A9005&scope=read%3Auser%20repo%20public_repo
[info] 
[info] Waiting for authentication...
[debug] [2026-05-22T20:52:31.809Z] >>> [apiv2][query] POST https://github.com/login/oauth/access_token [none]
[debug] [2026-05-22T20:52:31.809Z] >>> [apiv2][body] POST https://github.com/login/oauth/access_token [stream]
[debug] [2026-05-22T20:52:32.277Z] <<< [apiv2][status] POST https://github.com/login/oauth/access_token 200
[debug] [2026-05-22T20:52:32.277Z] <<< [apiv2][body] POST https://github.com/login/oauth/access_token {"access_token":"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","token_type":"bearer","scope":"read:user,repo"}
[debug] [2026-05-22T20:52:32.280Z] >>> [apiv2][query] GET https://api.github.com/user [none]
[debug] [2026-05-22T20:52:32.756Z] <<< [apiv2][status] GET https://api.github.com/user 200
[debug] [2026-05-22T20:52:32.756Z] <<< [apiv2][body] GET https://api.github.com/user {"login":"Abdelnaby0","id":122831778,"node_id":"U_kgDOB1JDog","avatar_url":"https://avatars.githubusercontent.com/u/122831778?v=4","gravatar_id":"","url":"https://api.github.com/users/Abdelnaby0","html_url":"https://github.com/Abdelnaby0","followers_url":"https://api.github.com/users/Abdelnaby0/followers","following_url":"https://api.github.com/users/Abdelnaby0/following{/other_user}","gists_url":"https://api.github.com/users/Abdelnaby0/gists{/gist_id}","starred_url":"https://api.github.com/users/Abdelnaby0/starred{/owner}{/repo}","subscriptions_url":"https://api.github.com/users/Abdelnaby0/subscriptions","organizations_url":"https://api.github.com/users/Abdelnaby0/orgs","repos_url":"https://api.github.com/users/Abdelnaby0/repos","events_url":"https://api.github.com/users/Abdelnaby0/events{/privacy}","received_events_url":"https://api.github.com/users/Abdelnaby0/received_events","type":"User","user_view_type":"private","site_admin":false,"name":"Mahmoud Abdelnaby","company":null,"blog":"","location":null,"email":null,"hireable":null,"bio":null,"twitter_username":null,"notification_email":null,"public_repos":10,"public_gists":0,"followers":1,"following":0,"created_at":"2023-01-16T20:36:24Z","updated_at":"2026-04-27T17:58:28Z","private_gists":0,"total_private_repos":0,"owned_private_repos":0,"disk_usage":75419,"collaborators":0,"two_factor_authentication":false,"plan":{"name":"free","space":976562499,"collaborators":0,"private_repos":10000}}
[info] 
[info] +  Success! Logged into GitHub as Abdelnaby0 
[info] 
[debug] [2026-05-22T20:53:13.181Z] >>> [apiv2][query] GET https://api.github.com/repos/portfolio/actions/secrets/public-key type=owner
[debug] [2026-05-22T20:53:13.465Z] <<< [apiv2][status] GET https://api.github.com/repos/portfolio/actions/secrets/public-key 404
[debug] [2026-05-22T20:53:13.465Z] <<< [apiv2][body] GET https://api.github.com/repos/portfolio/actions/secrets/public-key {"message":"Not Found","documentation_url":"https://docs.github.com/rest","status":"404"}
[info] 
[info] 
[error] !  The provided authorization cannot be used with this repository. If this repository is in an organization, did you remember to grant access? 
[info] 
[info] i  Action required: Visit this URL to ensure access has been granted to the appropriate organization(s) for the Firebase CLI GitHub OAuth App: 
[info] https://github.com/settings/connections/applications/89cf50f02ac6aaed3484
[info] 
[debug] [2026-05-22T20:54:05.148Z] >>> [apiv2][query] GET https://api.github.com/repos/portfolio/actions/secrets/public-key type=owner
[debug] [2026-05-22T20:54:05.498Z] <<< [apiv2][status] GET https://api.github.com/repos/portfolio/actions/secrets/public-key 404
[debug] [2026-05-22T20:54:05.498Z] <<< [apiv2][body] GET https://api.github.com/repos/portfolio/actions/secrets/public-key {"message":"Not Found","documentation_url":"https://docs.github.com/rest","status":"404"}
[info] 
[info] 
[error] !  The provided authorization cannot be used with this repository. If this repository is in an organization, did you remember to grant access? 
[info] 
[info] i  Action required: Visit this URL to ensure access has been granted to the appropriate organization(s) for the Firebase CLI GitHub OAuth App: 
[info] https://github.com/settings/connections/applications/89cf50f02ac6aaed3484
[info] 
[debug] [2026-05-22T20:55:16.083Z] >>> [apiv2][query] GET https://api.github.com/repos/no/actions/secrets/public-key type=owner
[debug] [2026-05-22T20:55:16.438Z] <<< [apiv2][status] GET https://api.github.com/repos/no/actions/secrets/public-key 404
[debug] [2026-05-22T20:55:16.438Z] <<< [apiv2][body] GET https://api.github.com/repos/no/actions/secrets/public-key {"message":"Not Found","documentation_url":"https://docs.github.com/rest","status":"404"}
[info] 
[info] 
[error] !  The provided authorization cannot be used with this repository. If this repository is in an organization, did you remember to grant access? 
[info] 
[info] i  Action required: Visit this URL to ensure access has been granted to the appropriate organization(s) for the Firebase CLI GitHub OAuth App: 
[info] https://github.com/settings/connections/applications/89cf50f02ac6aaed3484
[info] 
[debug] [2026-05-22T20:55:27.048Z] >>> [apiv2][query] GET https://api.github.com/repos/abdelnaby/portfolio/actions/secrets/public-key type=owner
[debug] [2026-05-22T20:55:27.401Z] <<< [apiv2][status] GET https://api.github.com/repos/abdelnaby/portfolio/actions/secrets/public-key 404
[debug] [2026-05-22T20:55:27.401Z] <<< [apiv2][body] GET https://api.github.com/repos/abdelnaby/portfolio/actions/secrets/public-key {"message":"Not Found","documentation_url":"https://docs.github.com/rest/actions/secrets#get-a-repository-public-key","status":"404"}
[info] 
[info] 
[error] !  The provided authorization cannot be used with this repository. If this repository is in an organization, did you remember to grant access? 
[info] 
[info] i  Action required: Visit this URL to ensure access has been granted to the appropriate organization(s) for the Firebase CLI GitHub OAuth App: 
[info] https://github.com/settings/connections/applications/89cf50f02ac6aaed3484
[info] 
[debug] [2026-05-22T20:55:36.481Z] ExitPromptError: User force closed the prompt with SIGINT
    at Interface.sigint (C:\Users\hp\AppData\Roaming\npm\node_modules\firebase-tools\node_modules\@inquirer\core\dist\commonjs\lib\create-prompt.js:101:37)
    at Interface.emit (node:events:508:28)
    at [_ttyWrite] [as _ttyWrite] (node:internal/readline/interface:1327:18)
    at ReadStream.onkeypress (node:internal/readline/interface:284:20)
    at ReadStream.emit (node:events:520:35)
    at emitKeys (node:internal/readline/utils:371:14)
    at emitKeys.next (<anonymous>)
    at ReadStream.onData (node:internal/readline/emitKeypressEvents:64:36)
    at ReadStream.emit (node:events:508:28)
    at addChunk (node:internal/streams/readable:559:12)
[error] 
[error] Error: An unexpected error has occurred.
